<?xml version="1.0" encoding="UTF-8"?>
<!-- Generated by org.testng.reporters.JUnitReportReporter -->
<testsuite hostname="NIVIKSHA" failures="0" tests="1" name="driverFactory.AppTest" time="57.780" errors="0" timestamp="2023-12-09T15:47:29 IST" skipped="0">
  <testcase classname="driverFactory.AppTest" name="startTest" time="57.780">
    <system-out>
      <![CDATA[no of rows are::9
Login Succes::dashboard  http://webapp.qedgetech.com/dashboard.php
Login Succes::dashboard  http://webapp.qedgetech.com/dashboard.php
Incorrect user ID or password  dashboard  http://webapp.qedgetech.com/login.php
Login Succes::dashboard  http://webapp.qedgetech.com/dashboard.php
Incorrect user ID or password  dashboard  http://webapp.qedgetech.com/login.php
Incorrect user ID or password  dashboard  http://webapp.qedgetech.com/login.php
Incorrect user ID or password  dashboard  http://webapp.qedgetech.com/login.php
Incorrect user ID or password  dashboard  http://webapp.qedgetech.com/login.php
Login Succes::dashboard  http://webapp.qedgetech.com/dashboard.php]]>
    </system-out>
  </testcase> <!-- startTest -->
  <system-out>
    <![CDATA[Brower value is not Matcing
no of rows are::9
Login Succes::dashboard  http://webapp.qedgetech.com/dashboard.php
Login Succes::dashboard  http://webapp.qedgetech.com/dashboard.php
Incorrect user ID or password  dashboard  http://webapp.qedgetech.com/login.php
Login Succes::dashboard  http://webapp.qedgetech.com/dashboard.php
Incorrect user ID or password  dashboard  http://webapp.qedgetech.com/login.php
Incorrect user ID or password  dashboard  http://webapp.qedgetech.com/login.php
Incorrect user ID or password  dashboard  http://webapp.qedgetech.com/login.php
Incorrect user ID or password  dashboard  http://webapp.qedgetech.com/login.php
Login Succes::dashboard  http://webapp.qedgetech.com/dashboard.php]]>
  </system-out>
</testsuite> <!-- driverFactory.AppTest -->
